Using pre-set license

 COMMAND LINE ARGUMENTS:
/Applications/Unity/Hub/Editor/2020.2.5f1/Unity.app/Contents/MacOS/Unity
-adb2
-batchMode
-noUpm
-name
AssetImportWorker1
-projectPath
/Users/rsaenzi/Projects/UnityCourse-Scripting-Basics/UnityScriptingBasics
-logFile
Logs/AssetImportWorker1.log
-srvPort
53603
Successfully changed project path to: /Users/rsaenzi/Projects/UnityCourse-Scripting-Basics/UnityScriptingBasics
/Users/rsaenzi/Projects/UnityCourse-Scripting-Basics/UnityScriptingBasics
Using Asset Import Pipeline V2.
Refreshing native plugins compatible for Editor in 42.09 ms, found 1 plugins.
Preloading 0 native plugins for Editor in 0.00 ms.
Initialize engine version: 2020.2.5f1 (e2c53f129de5)
[Subsystems] Discovering subsystems at path /Applications/Unity/Hub/Editor/2020.2.5f1/Unity.app/Contents/Resources/UnitySubsystems
[Subsystems] Discovering subsystems at path /Users/rsaenzi/Projects/UnityCourse-Scripting-Basics/UnityScriptingBasics/Assets
GfxDevice: creating device client; threaded=0
2021-03-24 22:10:49.327 Unity[52673:1421567] Acer K272HUL preferred device: AMD Radeon Pro 5500M (high power)
2021-03-24 22:10:49.327 Unity[52673:1421567] Metal devices available: 2
2021-03-24 22:10:49.327 Unity[52673:1421567] 0: AMD Radeon Pro 5500M (high power)
2021-03-24 22:10:49.327 Unity[52673:1421567] 1: Intel(R) UHD Graphics 630 (low power)
2021-03-24 22:10:49.328 Unity[52673:1421567] Using device AMD Radeon Pro 5500M (high power)
Initializing Metal device caps: AMD Radeon Pro 5500M
Initialize mono
Mono path[0] = '/Applications/Unity/Hub/Editor/2020.2.5f1/Unity.app/Contents/Managed'
Mono path[1] = '/Applications/Unity/Hub/Editor/2020.2.5f1/Unity.app/Contents/MonoBleedingEdge/lib/mono/unityjit'
Mono config path = '/Applications/Unity/Hub/Editor/2020.2.5f1/Unity.app/Contents/MonoBleedingEdge/etc'
Using monoOptions --debugger-agent=transport=dt_socket,embedding=1,server=y,suspend=n,address=127.0.0.1:56673
Begin MonoManager ReloadAssembly
Registering precompiled unity dll's ...
Register platform support module: /Applications/Unity/Hub/Editor/2020.2.5f1/PlaybackEngines/WebGLSupport/UnityEditor.WebGL.Extensions.dll
Register platform support module: /Applications/Unity/Hub/Editor/2020.2.5f1/Unity.app/Contents/PlaybackEngines/MacStandaloneSupport/UnityEditor.OSXStandalone.Extensions.dll
Register platform support module: /Applications/Unity/Hub/Editor/2020.2.5f1/PlaybackEngines/WindowsStandaloneSupport/UnityEditor.WindowsStandalone.Extensions.dll
Register platform support module: /Applications/Unity/Hub/Editor/2020.2.5f1/PlaybackEngines/LinuxStandaloneSupport/UnityEditor.LinuxStandalone.Extensions.dll
Register platform support module: /Applications/Unity/Hub/Editor/2020.2.5f1/PlaybackEngines/LuminSupport/UnityEditor.Lumin.Extensions.dll
Registered in 0.013814 seconds.
Native extension for Lumin target not found
Native extension for LinuxStandalone target not found
Native extension for WindowsStandalone target not found
Native extension for OSXStandalone target not found
Native extension for WebGL target not found
Refreshing native plugins compatible for Editor in 23.98 ms, found 1 plugins.
Preloading 0 native plugins for Editor in 0.00 ms.
Invoked RoslynAnalysisRunner static constructor.
RoslynAnalysisRunner will not be running.
RoslynAnalysisRunner has terminated.
Mono: successfully reloaded assembly
- Completed reload, in 20.112 seconds
Platform modules already initialized, skipping
Registering precompiled user dll's ...
Registered in 0.003008 seconds.
Begin MonoManager ReloadAssembly
Native extension for Lumin target not found
Native extension for LinuxStandalone target not found
Native extension for WindowsStandalone target not found
Native extension for OSXStandalone target not found
Native extension for WebGL target not found
Refreshing native plugins compatible for Editor in 0.47 ms, found 1 plugins.
Preloading 0 native plugins for Editor in 0.00 ms.
Invoked RoslynAnalysisRunner static constructor.
RoslynAnalysisRunner will not be running.
RoslynAnalysisRunner has terminated.
Mono: successfully reloaded assembly
- Completed reload, in  1.101 seconds
Platform modules already initialized, skipping
========================================================================
Worker process is ready to serve import requests
Launching external process: /Applications/Unity/Hub/Editor/2020.2.5f1/Unity.app/Contents/Tools/UnityShaderCompiler
Launched and connected shader compiler UnityShaderCompiler after 0.02 seconds
Refreshing native plugins compatible for Editor in 0.34 ms, found 1 plugins.
Preloading 0 native plugins for Editor in 0.00 ms.
Unloading 1388 Unused Serialized files (Serialized files now loaded: 0)
System memory in use before: 124.2 MB.
System memory in use after: 124.3 MB.

Unloading 33 unused Assets to reduce memory usage. Loaded Objects now: 1818.
Total: 2.063546 ms (FindLiveObjects: 0.187746 ms CreateObjectMapping: 0.051625 ms MarkObjects: 1.750923 ms  DeleteObjects: 0.071861 ms)

========================================================================
Received Prepare
Registering precompiled user dll's ...
Registered in 0.009124 seconds.
Begin MonoManager ReloadAssembly
Native extension for Lumin target not found
Native extension for LinuxStandalone target not found
Native extension for WindowsStandalone target not found
Native extension for OSXStandalone target not found
Native extension for WebGL target not found
Refreshing native plugins compatible for Editor in 0.35 ms, found 1 plugins.
Preloading 0 native plugins for Editor in 0.00 ms.
Invoked RoslynAnalysisRunner static constructor.
RoslynAnalysisRunner will not be running.
RoslynAnalysisRunner has terminated.
Mono: successfully reloaded assembly
- Completed reload, in  1.002 seconds
Platform modules already initialized, skipping
Refreshing native plugins compatible for Editor in 0.40 ms, found 1 plugins.
Preloading 0 native plugins for Editor in 0.00 ms.
Unloading 1382 Unused Serialized files (Serialized files now loaded: 0)
System memory in use before: 124.3 MB.
System memory in use after: 124.4 MB.

Unloading 24 unused Assets to reduce memory usage. Loaded Objects now: 1820.
Total: 2.578775 ms (FindLiveObjects: 0.254793 ms CreateObjectMapping: 0.074721 ms MarkObjects: 2.215130 ms  DeleteObjects: 0.032604 ms)

========================================================================
Received Import Request.
  path: Assets/Scripts/SolarSystem
  artifactKey: Guid(77f25ebc707b5431998b98f250ab20ff) Importer(815301076,1909f56bfc062723c751e8b465ee728b)
Start importing Assets/Scripts/SolarSystem using Guid(77f25ebc707b5431998b98f250ab20ff) Importer(815301076,1909f56bfc062723c751e8b465ee728b)  -> (artifact id: '45c0a6e32b5e105fc8967b29c1676e78') in 0.022629 seconds
  Import took 0.025561 seconds .

========================================================================
Received Import Request.
  Time since last request: 6.048095 seconds.
  path: Assets/Scenes/Game.unity
  artifactKey: Guid(cc55fc3a22bcb4bda8a79148b9742078) Importer(815301076,1909f56bfc062723c751e8b465ee728b)
Start importing Assets/Scenes/Game.unity using Guid(cc55fc3a22bcb4bda8a79148b9742078) Importer(815301076,1909f56bfc062723c751e8b465ee728b)  -> (artifact id: '2eb0be91044617eb5c91c7f3bc69b267') in 0.013265 seconds
  Import took 0.015511 seconds .

========================================================================
Received Import Request.
  Time since last request: 3.568658 seconds.
  path: Assets/Scripts/Scripting/Comments.cs
  artifactKey: Guid(29e7cae37767f4ab0b178fb4f7f68af4) Importer(815301076,1909f56bfc062723c751e8b465ee728b)
Start importing Assets/Scripts/Scripting/Comments.cs using Guid(29e7cae37767f4ab0b178fb4f7f68af4) Importer(815301076,1909f56bfc062723c751e8b465ee728b)  -> (artifact id: 'a143ba5b799e3963278f9bfd4df5d989') in 0.534843 seconds
  Import took 0.536981 seconds .

========================================================================
Received Prepare
Registering precompiled user dll's ...
Registered in 0.002264 seconds.
Begin MonoManager ReloadAssembly
Native extension for Lumin target not found
Native extension for LinuxStandalone target not found
Native extension for WindowsStandalone target not found
Native extension for OSXStandalone target not found
Native extension for WebGL target not found
Refreshing native plugins compatible for Editor in 0.35 ms, found 1 plugins.
Preloading 0 native plugins for Editor in 0.00 ms.
Invoked RoslynAnalysisRunner static constructor.
RoslynAnalysisRunner will not be running.
RoslynAnalysisRunner has terminated.
Mono: successfully reloaded assembly
- Completed reload, in  1.029 seconds
Platform modules already initialized, skipping
Refreshing native plugins compatible for Editor in 0.39 ms, found 1 plugins.
Preloading 0 native plugins for Editor in 0.00 ms.
Unloading 1390 Unused Serialized files (Serialized files now loaded: 0)
System memory in use before: 129.3 MB.
System memory in use after: 129.4 MB.

Unloading 24 unused Assets to reduce memory usage. Loaded Objects now: 1830.
Total: 1.951757 ms (FindLiveObjects: 0.165248 ms CreateObjectMapping: 0.049299 ms MarkObjects: 1.714912 ms  DeleteObjects: 0.021165 ms)

========================================================================
Received Import Request.
  Time since last request: 5046.751859 seconds.
  path: Assets/Scripts/Scripting/Conditionals.cs
  artifactKey: Guid(01fe5d47f73ee46a2964da51bf6fc10c) Importer(815301076,1909f56bfc062723c751e8b465ee728b)
Start importing Assets/Scripts/Scripting/Conditionals.cs using Guid(01fe5d47f73ee46a2964da51bf6fc10c) Importer(815301076,1909f56bfc062723c751e8b465ee728b)  -> (artifact id: 'e41770c82cfee13c2d3c04bd6b547e21') in 0.029239 seconds
  Import took 0.032328 seconds .

========================================================================
Received Import Request.
  Time since last request: 0.001853 seconds.
  path: Assets/Scripts/Scripting/Conditionals.cs
  artifactKey: Guid(01fe5d47f73ee46a2964da51bf6fc10c) Importer(815301076,1909f56bfc062723c751e8b465ee728b)
Start importing Assets/Scripts/Scripting/Conditionals.cs using Guid(01fe5d47f73ee46a2964da51bf6fc10c) Importer(815301076,1909f56bfc062723c751e8b465ee728b)  -> (artifact id: 'e41770c82cfee13c2d3c04bd6b547e21') in 0.005025 seconds
  Import took 0.007055 seconds .

========================================================================
Received Prepare
Registering precompiled user dll's ...
Registered in 0.014058 seconds.
Begin MonoManager ReloadAssembly
Native extension for Lumin target not found
Native extension for LinuxStandalone target not found
Native extension for WindowsStandalone target not found
Native extension for OSXStandalone target not found
Native extension for WebGL target not found
Refreshing native plugins compatible for Editor in 0.32 ms, found 1 plugins.
Preloading 0 native plugins for Editor in 0.00 ms.
Invoked RoslynAnalysisRunner static constructor.
RoslynAnalysisRunner will not be running.
RoslynAnalysisRunner has terminated.
Mono: successfully reloaded assembly
- Completed reload, in  0.952 seconds
Platform modules already initialized, skipping
Refreshing native plugins compatible for Editor in 0.47 ms, found 1 plugins.
Preloading 0 native plugins for Editor in 0.00 ms.
Unloading 1382 Unused Serialized files (Serialized files now loaded: 0)
System memory in use before: 129.2 MB.
System memory in use after: 129.3 MB.

Unloading 24 unused Assets to reduce memory usage. Loaded Objects now: 1832.
Total: 1.576033 ms (FindLiveObjects: 0.141550 ms CreateObjectMapping: 0.039113 ms MarkObjects: 1.379689 ms  DeleteObjects: 0.014928 ms)

========================================================================
Received Prepare
Registering precompiled user dll's ...
Registered in 0.011138 seconds.
Begin MonoManager ReloadAssembly
Native extension for Lumin target not found
Native extension for LinuxStandalone target not found
Native extension for WindowsStandalone target not found
Native extension for OSXStandalone target not found
Native extension for WebGL target not found
Refreshing native plugins compatible for Editor in 0.33 ms, found 1 plugins.
Preloading 0 native plugins for Editor in 0.00 ms.
Invoked RoslynAnalysisRunner static constructor.
RoslynAnalysisRunner will not be running.
RoslynAnalysisRunner has terminated.
Mono: successfully reloaded assembly
- Completed reload, in  0.995 seconds
Platform modules already initialized, skipping
Refreshing native plugins compatible for Editor in 0.50 ms, found 1 plugins.
Preloading 0 native plugins for Editor in 0.00 ms.
Unloading 1274 Unused Serialized files (Serialized files now loaded: 0)
System memory in use before: 125.8 MB.
System memory in use after: 125.9 MB.

Unloading 84 unused Assets to reduce memory usage. Loaded Objects now: 1774.
Total: 1.562739 ms (FindLiveObjects: 0.139798 ms CreateObjectMapping: 0.041094 ms MarkObjects: 1.350709 ms  DeleteObjects: 0.030204 ms)

========================================================================
Received Prepare
Registering precompiled user dll's ...
Registered in 0.002517 seconds.
Begin MonoManager ReloadAssembly
Native extension for Lumin target not found
Native extension for LinuxStandalone target not found
Native extension for WindowsStandalone target not found
Native extension for OSXStandalone target not found
Native extension for WebGL target not found
Refreshing native plugins compatible for Editor in 0.31 ms, found 1 plugins.
Preloading 0 native plugins for Editor in 0.00 ms.
Invoked RoslynAnalysisRunner static constructor.
RoslynAnalysisRunner will not be running.
RoslynAnalysisRunner has terminated.
Mono: successfully reloaded assembly
- Completed reload, in  1.003 seconds
Platform modules already initialized, skipping
Refreshing native plugins compatible for Editor in 0.44 ms, found 1 plugins.
Preloading 0 native plugins for Editor in 0.00 ms.
Unloading 1284 Unused Serialized files (Serialized files now loaded: 0)
System memory in use before: 124.6 MB.
System memory in use after: 124.7 MB.

Unloading 24 unused Assets to reduce memory usage. Loaded Objects now: 1787.
Total: 1.622654 ms (FindLiveObjects: 0.159668 ms CreateObjectMapping: 0.043721 ms MarkObjects: 1.400479 ms  DeleteObjects: 0.017730 ms)

========================================================================
Received Prepare
Registering precompiled user dll's ...
Registered in 0.013576 seconds.
Begin MonoManager ReloadAssembly
Native extension for Lumin target not found
Native extension for LinuxStandalone target not found
Native extension for WindowsStandalone target not found
Native extension for OSXStandalone target not found
Native extension for WebGL target not found
Refreshing native plugins compatible for Editor in 0.33 ms, found 1 plugins.
Preloading 0 native plugins for Editor in 0.00 ms.
Invoked RoslynAnalysisRunner static constructor.
RoslynAnalysisRunner will not be running.
RoslynAnalysisRunner has terminated.
Mono: successfully reloaded assembly
- Completed reload, in  0.936 seconds
Platform modules already initialized, skipping
Refreshing native plugins compatible for Editor in 0.45 ms, found 1 plugins.
Preloading 0 native plugins for Editor in 0.00 ms.
Unloading 1311 Unused Serialized files (Serialized files now loaded: 0)
System memory in use before: 125.7 MB.
System memory in use after: 125.8 MB.

Unloading 24 unused Assets to reduce memory usage. Loaded Objects now: 1823.
Total: 1.558085 ms (FindLiveObjects: 0.139812 ms CreateObjectMapping: 0.042411 ms MarkObjects: 1.360403 ms  DeleteObjects: 0.014657 ms)

========================================================================
Received Prepare
Registering precompiled user dll's ...
Registered in 0.002099 seconds.
Begin MonoManager ReloadAssembly
Native extension for Lumin target not found
Native extension for LinuxStandalone target not found
Native extension for WindowsStandalone target not found
Native extension for OSXStandalone target not found
Native extension for WebGL target not found
Refreshing native plugins compatible for Editor in 0.32 ms, found 1 plugins.
Preloading 0 native plugins for Editor in 0.00 ms.
Invoked RoslynAnalysisRunner static constructor.
RoslynAnalysisRunner will not be running.
RoslynAnalysisRunner has terminated.
Mono: successfully reloaded assembly
- Completed reload, in  0.983 seconds
Platform modules already initialized, skipping
Refreshing native plugins compatible for Editor in 0.55 ms, found 1 plugins.
Preloading 0 native plugins for Editor in 0.00 ms.
Unloading 1294 Unused Serialized files (Serialized files now loaded: 0)
System memory in use before: 125.3 MB.
System memory in use after: 125.4 MB.

Unloading 32 unused Assets to reduce memory usage. Loaded Objects now: 1818.
Total: 1.737995 ms (FindLiveObjects: 0.186105 ms CreateObjectMapping: 0.051904 ms MarkObjects: 1.478442 ms  DeleteObjects: 0.020102 ms)

========================================================================
Received Prepare
Registering precompiled user dll's ...
Registered in 0.002759 seconds.
Begin MonoManager ReloadAssembly
Native extension for Lumin target not found
Native extension for LinuxStandalone target not found
Native extension for WindowsStandalone target not found
Native extension for OSXStandalone target not found
Native extension for WebGL target not found
Refreshing native plugins compatible for Editor in 0.39 ms, found 1 plugins.
Preloading 0 native plugins for Editor in 0.00 ms.
Invoked RoslynAnalysisRunner static constructor.
RoslynAnalysisRunner will not be running.
RoslynAnalysisRunner has terminated.
Mono: successfully reloaded assembly
- Completed reload, in  0.936 seconds
Platform modules already initialized, skipping
Refreshing native plugins compatible for Editor in 0.38 ms, found 1 plugins.
Preloading 0 native plugins for Editor in 0.00 ms.
Unloading 1262 Unused Serialized files (Serialized files now loaded: 0)
System memory in use before: 124.4 MB.
System memory in use after: 124.5 MB.

Unloading 24 unused Assets to reduce memory usage. Loaded Objects now: 1821.
Total: 1.561571 ms (FindLiveObjects: 0.145564 ms CreateObjectMapping: 0.042274 ms MarkObjects: 1.358405 ms  DeleteObjects: 0.014488 ms)

========================================================================
Received Prepare
Registering precompiled user dll's ...
Registered in 0.004051 seconds.
Begin MonoManager ReloadAssembly
Native extension for Lumin target not found
Native extension for LinuxStandalone target not found
Native extension for WindowsStandalone target not found
Native extension for OSXStandalone target not found
Native extension for WebGL target not found
Refreshing native plugins compatible for Editor in 0.31 ms, found 1 plugins.
Preloading 0 native plugins for Editor in 0.00 ms.
Invoked RoslynAnalysisRunner static constructor.
RoslynAnalysisRunner will not be running.
RoslynAnalysisRunner has terminated.
Mono: successfully reloaded assembly
- Completed reload, in  0.986 seconds
Platform modules already initialized, skipping
Refreshing native plugins compatible for Editor in 0.35 ms, found 1 plugins.
Preloading 0 native plugins for Editor in 0.00 ms.
Unloading 1262 Unused Serialized files (Serialized files now loaded: 0)
System memory in use before: 124.6 MB.
System memory in use after: 124.7 MB.

Unloading 24 unused Assets to reduce memory usage. Loaded Objects now: 1824.
Total: 1.619784 ms (FindLiveObjects: 0.166602 ms CreateObjectMapping: 0.043884 ms MarkObjects: 1.390980 ms  DeleteObjects: 0.016853 ms)

AssetImportWorkerClient::OnTransportError - code=2 error=End of file
